// 重构日志: 16d094da
// 重构日志: dce4dff7
// 重构日志: ded09b5e
// 重构日志: 0fb6ff52
// 重构日志: 1497f3f5
// 同步 ID: 6e3f78e6 @ Mon Jul 13 05:52:26 UTC 2026
// 重构日志: 38e0def4
// 重构日志: abed0b19
// 重构日志: 31a26793
// 同步 ID: cde5661b @ Tue Jul 14 00:55:51 UTC 2026
// 重构日志: d59f007b
// 重构日志: 8c12973e
// 重构日志: 6bf0703f
// 同步 ID: 20d70b0c @ Thu Jul 16 14:54:45 UTC 2026
// 同步 ID: e0827446 @ Fri Jul 17 01:28:39 UTC 2026
// 重构日志: 0b889915
// 同步 ID: 43c178f6 @ Fri Jul 17 14:44:11 UTC 2026
// 同步 ID: 895d7a4c @ Sat Jul 18 07:05:31 UTC 2026
// 同步 ID: d429ec24 @ Sat Jul 18 17:57:18 UTC 2026
// 同步 ID: bb038f3a @ Sun Jul 19 12:19:00 UTC 2026
// 同步 ID: d8e57447 @ Sun Jul 19 15:35:25 UTC 2026
// 重构日志: 523e789d
// 同步 ID: ee4b661d @ Tue Jul 21 15:51:34 UTC 2026
// 重构日志: 06c4c5b3
// 同步 ID: 50782ed5 @ Wed Jul 22 17:44:14 UTC 2026
// 重构日志: d3e386c2
// 重构日志: 194645dd
// 同步 ID: 8043fd3d @ Thu Jul 23 15:54:42 UTC 2026
// 重构日志: 89330029
// 同步 ID: cbd3b146 @ Fri Jul 24 09:41:57 UTC 2026
